<?xml version="1.0" encoding="UTF-8"?>
<testsuite xmlns:xsi="http://www.w3.org/2001/XMLSchema-instance" xsi:noNamespaceSchemaLocation="https://maven.apache.org/surefire/maven-surefire-plugin/xsd/surefire-test-report-3.0.xsd" version="3.0" name="com.availability.tests.WebsiteAvailabilityTest" time="11.692" tests="1" errors="0" skipped="0" failures="1">
  <properties>
[...]
</properties>
  <testcase name="checkWebsiteAvailability" classname="com.availability.tests.WebsiteAvailabilityTest" time="11.646">
    <failure message="â�Œ WEBSITE DOWN after retries: https://atpsgroup.com/dahshs | Last status: 404 ==&gt; expected: &lt;true&gt; but was: &lt;false&gt;" type="org.opentest4j.AssertionFailedError"><![CDATA[org.opentest4j.AssertionFailedError: â�Œ WEBSITE DOWN after retries: https://atpsgroup.com/dahshs | Last status: 404 ==> expected: <true> but was: <false>
	at org.junit.jupiter.api.AssertionFailureBuilder.build(AssertionFailureBuilder.java:151)
	at org.junit.jupiter.api.AssertionFailureBuilder.buildAndThrow(AssertionFailureBuilder.java:132)
	at org.junit.jupiter.api.AssertTrue.failNotTrue(AssertTrue.java:63)
	at org.junit.jupiter.api.AssertTrue.assertTrue(AssertTrue.java:36)
	at org.junit.jupiter.api.Assertions.assertTrue(Assertions.java:214)
	at com.availability.tests.WebsiteAvailabilityTest.checkWebsiteAvailability(WebsiteAvailabilityTest.java:73)
	at java.base/java.lang.reflect.Method.invoke(Method.java:569)
	at java.base/java.util.ArrayList.forEach(ArrayList.java:1511)
	at java.base/java.util.ArrayList.forEach(ArrayList.java:1511)
]]></failure>
    <system-out><![CDATA[
Checking URL: https://www.google.com
Attempt 1
Status Code: 200

Checking URL: https://example.com
Attempt 1
Status Code: 200

Checking URL: https://your-site.com
Attempt 1
Status Code: 200

Checking URL: https://atpsgroup.com/dahshs
Attempt 1
Status Code: 404
Attempt 2
Status Code: 404
Attempt 3
Status Code: 404
]]></system-out>
  </testcase>
</testsuite>